<?xml version="1.0" encoding="UTF-8"?>
<testsuite xmlns:xsi="http://www.w3.org/2001/XMLSchema-instance" xsi:noNamespaceSchemaLocation="https://maven.apache.org/surefire/maven-surefire-plugin/xsd/surefire-test-report-3.0.xsd" version="3.0" name="DoublyLinkedListTest" time="0.122" tests="10" errors="0" skipped="0" failures="2">
  <properties>
[...]
</properties>
  <testcase name="TC_DLL_003_insertOnEmptyList" classname="DoublyLinkedListTest" time="0.051"/>
  <testcase name="TC_DLL_008_deleteMiddleElement" classname="DoublyLinkedListTest" time="0.003"/>
  <testcase name="TC_DLL_009_deleteNonExistingElement" classname="DoublyLinkedListTest" time="0.002"/>
  <testcase name="TC_DLL_005_deleteSingleElement" classname="DoublyLinkedListTest" time="0.002"/>
  <testcase name="TC_DLL_006_deleteHead" classname="DoublyLinkedListTest" time="0.001"/>
  <testcase name="TC_DLL_007_deleteTail" classname="DoublyLinkedListTest" time="0.007">
    <failure message="El nuevo tail.next debe ser null ==&gt; expected: &lt;null&gt; but was: &lt;DDL_Node@62150f9e&gt;" type="org.opentest4j.AssertionFailedError"><![CDATA[org.opentest4j.AssertionFailedError: El nuevo tail.next debe ser null ==> expected: <null> but was: <DDL_Node@62150f9e>
	at org.junit.jupiter.api.AssertionFailureBuilder.build(AssertionFailureBuilder.java:151)
	at org.junit.jupiter.api.AssertionFailureBuilder.buildAndThrow(AssertionFailureBuilder.java:132)
	at org.junit.jupiter.api.AssertNull.failNotNull(AssertNull.java:50)
	at org.junit.jupiter.api.AssertNull.assertNull(AssertNull.java:35)
	at org.junit.jupiter.api.Assertions.assertNull(Assertions.java:283)
	at DoublyLinkedListTest.TC_DLL_007_deleteTail(DoublyLinkedListTest.java:69)
	at java.base/java.lang.reflect.Method.invoke(Method.java:580)
	at java.base/java.util.ArrayList.forEach(ArrayList.java:1596)
	at java.base/java.util.ArrayList.forEach(ArrayList.java:1596)
]]></failure>
  </testcase>
  <testcase name="TC_DLL_004_reverseSingleElement" classname="DoublyLinkedListTest" time="0.001"/>
  <testcase name="TC_DLL_002_reverseEmptyList" classname="DoublyLinkedListTest" time="0.001"/>
  <testcase name="TC_DLL_001_deleteOnEmptyList" classname="DoublyLinkedListTest" time="0.0"/>
  <testcase name="TC_DLL_010_reverseMultipleElements" classname="DoublyLinkedListTest" time="0.003">
    <failure message="El head debe ser el último elemento ==&gt; expected: &lt;4&gt; but was: &lt;1&gt;" type="org.opentest4j.AssertionFailedError"><![CDATA[org.opentest4j.AssertionFailedError: El head debe ser el último elemento ==> expected: <4> but was: <1>
	at org.junit.jupiter.api.AssertionFailureBuilder.build(AssertionFailureBuilder.java:151)
	at org.junit.jupiter.api.AssertionFailureBuilder.buildAndThrow(AssertionFailureBuilder.java:132)
	at org.junit.jupiter.api.AssertEquals.failNotEqual(AssertEquals.java:197)
	at org.junit.jupiter.api.AssertEquals.assertEquals(AssertEquals.java:150)
	at org.junit.jupiter.api.Assertions.assertEquals(Assertions.java:559)
	at DoublyLinkedListTest.TC_DLL_010_reverseMultipleElements(DoublyLinkedListTest.java:101)
	at java.base/java.lang.reflect.Method.invoke(Method.java:580)
	at java.base/java.util.ArrayList.forEach(ArrayList.java:1596)
	at java.base/java.util.ArrayList.forEach(ArrayList.java:1596)
]]></failure>
  </testcase>
</testsuite>